C:\UTC\Progra 6- Cuatri II\Examen2_VF\Examen\Examen2\WebApplication\wwwroot\App\Direccion\Edit.js
C:\UTC\Progra 6- Cuatri II\Examen2_VF\Examen\Examen2\WebApplication\wwwroot\App\Direccion\Edit.js.map
C:\UTC\Progra 6- Cuatri II\Examen2_VF\Examen\Examen2\WebApplication\wwwroot\App\Direccion\Grid.js
C:\UTC\Progra 6- Cuatri II\Examen2_VF\Examen\Examen2\WebApplication\wwwroot\App\Direccion\Grid.js.map
C:\UTC\Progra 6- Cuatri II\Examen2_VF\Examen\Examen2\WebApplication\wwwroot\App\Persona\Edit.js
C:\UTC\Progra 6- Cuatri II\Examen2_VF\Examen\Examen2\WebApplication\wwwroot\App\Persona\Edit.js.map
C:\UTC\Progra 6- Cuatri II\Examen2_VF\Examen\Examen2\WebApplication\wwwroot\App\Persona\Grid.js
C:\UTC\Progra 6- Cuatri II\Examen2_VF\Examen\Examen2\WebApplication\wwwroot\App\Persona\Grid.js.map
C:\UTC\Progra 6- Cuatri II\Examen2_VF\Examen\Examen2\WebApplication\wwwroot\Assets\@types\global.js
C:\UTC\Progra 6- Cuatri II\Examen2_VF\Examen\Examen2\WebApplication\wwwroot\Assets\@types\global.js.map
C:\UTC\Progra 6- Cuatri II\Examen2_VF\Examen\Examen2\WebApplication\wwwroot\Assets\@types\SweetAlert\Sweetalert.js
C:\UTC\Progra 6- Cuatri II\Examen2_VF\Examen\Examen2\WebApplication\wwwroot\Assets\@types\SweetAlert\Sweetalert.js.map
C:\UTC\Progra 6- Cuatri II\Examen2_VF\Examen\Examen2\WebApplication\wwwroot\Assets\@types\bootstrap-validator\bvenums.js
C:\UTC\Progra 6- Cuatri II\Examen2_VF\Examen\Examen2\WebApplication\wwwroot\Assets\@types\bootstrap-validator\bvenums.js.map
C:\UTC\Progra 6- Cuatri II\Examen2_VF\Examen\Examen2\WebApplication\wwwroot\Assets\Plugin\CoreFile\CoreFile.js
C:\UTC\Progra 6- Cuatri II\Examen2_VF\Examen\Examen2\WebApplication\wwwroot\Assets\Plugin\CoreFile\CoreFile.js.map
C:\UTC\Progra 6- Cuatri II\Examen2_VF\Examen\Examen2\WebApplication\wwwroot\Assets\Plugin\bvalidator\FormValidateConfig.js
C:\UTC\Progra 6- Cuatri II\Examen2_VF\Examen\Examen2\WebApplication\wwwroot\Assets\Plugin\bvalidator\FormValidateConfig.js.map
C:\UTC\Progra 6- Cuatri II\Examen2_VF\Examen\Examen2\WebApplication\wwwroot\Assets\Plugin\bvalidator\bv-validators.js
C:\UTC\Progra 6- Cuatri II\Examen2_VF\Examen\Examen2\WebApplication\wwwroot\Assets\Plugin\bvalidator\bv-validators.js.map
C:\UTC\Progra 6- Cuatri II\Examen2_VF\Examen\Examen2\WebApplication\wwwroot\Assets\Plugin\sweetalert\SwalConfig.js
C:\UTC\Progra 6- Cuatri II\Examen2_VF\Examen\Examen2\WebApplication\wwwroot\Assets\Plugin\sweetalert\SwalConfig.js.map
C:\UTC\Progra 6- Cuatri II\Examen2_VF\Examen\Examen2\WebApplication\wwwroot\Assets\Plugin\vue\VueLoaderTemplate.js
C:\UTC\Progra 6- Cuatri II\Examen2_VF\Examen\Examen2\WebApplication\wwwroot\Assets\Plugin\vue\VueLoaderTemplate.js.map
C:\UTC\Progra 6- Cuatri II\Examen2_VF\Examen\Examen2\WebApplication\wwwroot\Scripts\AxiosProvider.js
C:\UTC\Progra 6- Cuatri II\Examen2_VF\Examen\Examen2\WebApplication\wwwroot\Scripts\AxiosProvider.js.map
C:\UTC\Progra 6- Cuatri II\Examen2_VF\Examen\Examen2\WebApplication\wwwroot\Scripts\entity.js
C:\UTC\Progra 6- Cuatri II\Examen2_VF\Examen\Examen2\WebApplication\wwwroot\Scripts\entity.js.map
